<?xml version="1.0" encoding="UTF-8"?>
<!-- Generated by org.testng.reporters.JUnitReportReporter -->
<testsuite skipped="0" hostname="sudbrani" name="com.training.sanity.tests.RTTC_11_ValidLogin" tests="2" failures="0" timestamp="3 Jul 2019 05:24:07 GMT" time="5.343" errors="0">
  <testcase name="dashboardTest" time="3.083" classname="com.training.sanity.tests.RTTC_11_ValidLogin"/>
  <testcase name="validLoginTest" time="2.260" classname="com.training.sanity.tests.RTTC_11_ValidLogin"/>
</testsuite> <!-- com.training.sanity.tests.RTTC_11_ValidLogin -->
