<?xml version="1.0" encoding="UTF-8"?>
<!-- Generated by org.testng.reporters.JUnitReportReporter -->
<testsuite skipped="0" hostname="sudbrani" name="com.training.sanity.tests.RTTC_12_Catelog" tests="2" failures="0" timestamp="27 Jun 2019 05:30:05 GMT" time="9.397" errors="0">
  <testcase name="catelogTest" time="5.884" classname="com.training.sanity.tests.RTTC_12_Catelog"/>
  <testcase name="validLoginTest" time="3.513" classname="com.training.sanity.tests.RTTC_12_Catelog"/>
</testsuite> <!-- com.training.sanity.tests.RTTC_12_Catelog -->
