<?xml version="1.0" encoding="UTF-8"?>
<!-- Generated by org.testng.reporters.JUnitReportReporter -->
<testsuite skipped="0" hostname="sudbrani" name="com.training.sanity.tests.RTTC_42_Admin_AddProduct" tests="2" failures="0" timestamp="9 Jul 2019 10:48:07 GMT" time="17.946" errors="0">
  <testcase name="validLoginTest" time="6.484" classname="com.training.sanity.tests.RTTC_42_Admin_AddProduct"/>
  <testcase name="adminAddProduct" time="11.462" classname="com.training.sanity.tests.RTTC_42_Admin_AddProduct"/>
</testsuite> <!-- com.training.sanity.tests.RTTC_42_Admin_AddProduct -->
