<?xml version="1.0" encoding="UTF-8"?>
<!-- Generated by org.testng.reporters.JUnitReportReporter -->
<testsuite skipped="0" hostname="sudbrani" name="com.training.sanity.tests.RTTC_40_AdminDeleteCtg" tests="2" failures="0" timestamp="4 Jul 2019 05:55:26 GMT" time="8.983" errors="0">
  <testcase name="validLoginTest" time="1.932" classname="com.training.sanity.tests.RTTC_40_AdminDeleteCtg"/>
  <testcase name="deleteCategoriesTest" time="7.051" classname="com.training.sanity.tests.RTTC_40_AdminDeleteCtg"/>
</testsuite> <!-- com.training.sanity.tests.RTTC_40_AdminDeleteCtg -->
