<?xml version="1.0" encoding="UTF-8"?>
<!-- Generated by org.testng.reporters.JUnitReportReporter -->
<testsuite skipped="0" hostname="sudbrani" name="com.training.sanity.tests.RTTC_041_Admin_ProductFilter" tests="2" failures="0" timestamp="9 Jul 2019 05:21:14 GMT" time="19.709" errors="0">
  <testcase name="validLoginTest" time="1.499" classname="com.training.sanity.tests.RTTC_041_Admin_ProductFilter"/>
  <testcase name="adminFilterTest" time="18.210" classname="com.training.sanity.tests.RTTC_041_Admin_ProductFilter"/>
</testsuite> <!-- com.training.sanity.tests.RTTC_041_Admin_ProductFilter -->
